<?xml version="1.0" encoding="UTF-8" ?>
<testsuite errors="0" failures="0" hostname="XiaoCaseLand" name="sunweb.A.Test1" skipped="0" tests="1" time="5.354" timestamp="2017-09-15T17:50:22">
  <properties>
[...]
</properties>
  <testcase classname="sunweb.A.Test1" name="compareMax" time="5.206" />
  <system-out><![CDATA[There is 10 threads
Thread 0 max is 2145302783
Thread 1 max is 2145617433
Thread 2 max is 2146419514
Thread 3 max is 2145418244
Thread 4 max is 2146783987
Thread 5 max is 2145546229
Thread 6 max is 2144124636
Thread 7 max is 2134942177
Thread 8 max is 2146263357
Thread 9 max is 2142126204
]]></system-out>
  <system-err><![CDATA[]]></system-err>
</testsuite>
