<?xml version="1.0" encoding="UTF-8" ?>
<testsuite errors="0" failures="0" hostname="XiaoCaseLand" name="sunweb.B.Test2" skipped="0" tests="1" time="1.462" timestamp="2017-09-15T17:50:40">
  <properties>
[...]
</properties>
  <testcase classname="sunweb.B.Test2" name="testAll" time="1.316" />
  <system-out><![CDATA[There is 4 threads
Even: 82 70 16 -88 -28 -62 6 -18 -92 -68 -54 -98 -82 -32 -26 82 -70 -38 96 -80 -34 66 58 -48 -56 70 -98 22 56 -64 -80 48 88 42 -42 -84 72 80 36 72 88 -26 16 8 -96 66 -90 -70 -72 -22 32 54 92 -44 34 12 -94 46 86 -30 -76 82 44 -34 -92 60 78 -6 -14 62 -74 -88 -92 0 -86 -18 -32 -90 26 28 64 32 -48 46 40 -44 74 94 -56 46 64 86 32 20 12 -24 -86 74 -80 40 -50 94 -78 -44 60 -92 -98 -70 -14 -18 -96 4 -52 -2 58 -24 82 -10 -42 -62 72 -82 96 46 -66 10 -42 -24 56 -56 -88 96 48 -12 34 30 -50  
Odd: 69 -29 65 91 69 -95 43 -93 -75 -61 -61 -29 43 -35 99 9 -25 -71 43 29 -71 65 39 -5 -19 -59 -31 -97 21 -99 5 23 -17 15 59 97 -49 61 91 19 -37 17 87 95 27 -25 77 -29 47 -89 -35 35 -41 45 15 -67 -89 15 -35 55 -73 15 -13 57 -61 63 35 25 -55 -53 59 -49 -63 29 9 15 -89 -65 -45 33 -57 -61 91 49 -3 -79 85 95 79 77 -73 87 71 59 -75 9 -37 -19 81 -7 93 33 -67 -23 -87 -21 -85 -47 -41 57 -21 47 41 -39 23 75 -89 77 41 -75 9 47 29 37 53 15 -87 39 43 -5 -41 55 -93 9 51 -87 -75 11  
Order: -81 -71 -24 -11 28 95 97 99  
Jack: -9 -51 57 68 -36 44 52 -41 92 -13 92 -81 52 -30 80 -69 -94 -49 23 -4 -44 -18  
Jack Task success! The sum equal to 21
 
]]></system-out>
  <system-err><![CDATA[]]></system-err>
</testsuite>
